# JRE version: OpenJDK Runtime Environment (8.0_152-b01) (build 1.8.0_152-release-1248-b01)
# Java VM: OpenJDK 64-Bit Server VM (25.152-b01 mixed mode windows-amd64 compressed oops)
Heap:
 PSYoungGen      total 457216K, used 365525K [0x00000000e0000000, 0x00000000ffd00000, 0x0000000100000000)
  eden space 396288K, 90% used [0x00000000e0000000,0x00000000f5f184a0,0x00000000f8300000)
  from space 60928K, 9% used [0x00000000fc180000,0x00000000fc75d098,0x00000000ffd00000)
  to   space 62464K, 0% used [0x00000000f8300000,0x00000000f8300000,0x00000000fc000000)
 ParOldGen       total 247296K, used 147077K [0x00000000a0000000, 0x00000000af180000, 0x00000000e0000000)
  object space 247296K, 59% used [0x00000000a0000000,0x00000000a8fa1608,0x00000000af180000)
 Metaspace       used 84576K, capacity 87764K, committed 88064K, reserved 1126400K
  class space    used 10742K, capacity 11427K, committed 11520K, reserved 1048576K
GC Heap History (10 events):
Event: 14.785 GC heap before
{Heap before GC invocations=17 (full 3):
 PSYoungGen      total 316416K, used 316398K [0x00000000e0000000, 0x00000000fcf80000, 0x0000000100000000)
  eden space 268288K, 100% used [0x00000000e0000000,0x00000000f0600000,0x00000000f0600000)
  from space 48128K, 99% used [0x00000000f0600000,0x00000000f34fb988,0x00000000f3500000)
  to   space 71168K, 0% used [0x00000000f8a00000,0x00000000f8a00000,0x00000000fcf80000)
 ParOldGen       total 247296K, used 113681K [0x00000000a0000000, 0x00000000af180000, 0x00000000e0000000)
  object space 247296K, 45% used [0x00000000a0000000,0x00000000a6f04538,0x00000000af180000)
 Metaspace       used 81092K, capacity 83890K, committed 83968K, reserved 1122304K
  class space    used 10345K, capacity 10958K, committed 11008K, reserved 1048576K
Event: 14.849 GC heap after
Heap after GC invocations=17 (full 3):
 PSYoungGen      total 405504K, used 14041K [0x00000000e0000000, 0x00000000fd680000, 0x0000000100000000)
  eden space 334336K, 0% used [0x00000000e0000000,0x00000000e0000000,0x00000000f4680000)
  from space 71168K, 19% used [0x00000000f8a00000,0x00000000f97b66a8,0x00000000fcf80000)
  to   space 69120K, 0% used [0x00000000f4680000,0x00000000f4680000,0x00000000f8a00000)
 ParOldGen       total 247296K, used 147045K [0x00000000a0000000, 0x00000000af180000, 0x00000000e0000000)
  object space 247296K, 59% used [0x00000000a0000000,0x00000000a8f99608,0x00000000af180000)
 Metaspace       used 81092K, capacity 83890K, committed 83968K, reserved 1122304K
  class space    used 10345K, capacity 10958K, committed 11008K, reserved 1048576K
}
Event: 16.273 GC heap before
{Heap before GC invocations=18 (full 3):
 PSYoungGen      total 405504K, used 348377K [0x00000000e0000000, 0x00000000fd680000, 0x0000000100000000)
  eden space 334336K, 100% used [0x00000000e0000000,0x00000000f4680000,0x00000000f4680000)
  from space 71168K, 19% used [0x00000000f8a00000,0x00000000f97b66a8,0x00000000fcf80000)
  to   space 69120K, 0% used [0x00000000f4680000,0x00000000f4680000,0x00000000f8a00000)
 ParOldGen       total 247296K, used 147045K [0x00000000a0000000, 0x00000000af180000, 0x00000000e0000000)
  object space 247296K, 59% used [0x00000000a0000000,0x00000000a8f99608,0x00000000af180000)
 Metaspace       used 82701K, capacity 85702K, committed 85760K, reserved 1124352K
  class space    used 10527K, capacity 11220K, committed 11264K, reserved 1048576K
Event: 16.283 GC heap after
Heap after GC invocations=18 (full 3):
 PSYoungGen      total 403456K, used 5106K [0x00000000e0000000, 0x00000000ffd00000, 0x0000000100000000)
  eden space 334336K, 0% used [0x00000000e0000000,0x00000000e0000000,0x00000000f4680000)
  from space 69120K, 7% used [0x00000000f4680000,0x00000000f4b7c868,0x00000000f8a00000)
  to   space 68608K, 0% used [0x00000000fba00000,0x00000000fba00000,0x00000000ffd00000)
 ParOldGen       total 247296K, used 147053K [0x00000000a0000000, 0x00000000af180000, 0x00000000e0000000)
  object space 247296K, 59% used [0x00000000a0000000,0x00000000a8f9b608,0x00000000af180000)
 Metaspace       used 82701K, capacity 85702K, committed 85760K, reserved 1124352K
  class space    used 10527K, capacity 11220K, committed 11264K, reserved 1048576K
}
Event: 17.821 GC heap before
{Heap before GC invocations=19 (full 3):
 PSYoungGen      total 403456K, used 339442K [0x00000000e0000000, 0x00000000ffd00000, 0x0000000100000000)
  eden space 334336K, 100% used [0x00000000e0000000,0x00000000f4680000,0x00000000f4680000)
  from space 69120K, 7% used [0x00000000f4680000,0x00000000f4b7c868,0x00000000f8a00000)
  to   space 68608K, 0% used [0x00000000fba00000,0x00000000fba00000,0x00000000ffd00000)
 ParOldGen       total 247296K, used 147053K [0x00000000a0000000, 0x00000000af180000, 0x00000000e0000000)
  object space 247296K, 59% used [0x00000000a0000000,0x00000000a8f9b608,0x00000000af180000)
 Metaspace       used 83604K, capacity 86772K, committed 86912K, reserved 1124352K
  class space    used 10652K, capacity 11347K, committed 11392K, reserved 1048576K
Event: 17.834 GC heap after
Heap after GC invocations=19 (full 3):
 PSYoungGen      total 449536K, used 25666K [0x00000000e0000000, 0x00000000ff780000, 0x0000000100000000)
  eden space 386560K, 0% used [0x00000000e0000000,0x00000000e0000000,0x00000000f7980000)
  from space 62976K, 40% used [0x00000000fba00000,0x00000000fd310828,0x00000000ff780000)
  to   space 64512K, 0% used [0x00000000f7980000,0x00000000f7980000,0x00000000fb880000)
 ParOldGen       total 247296K, used 147061K [0x00000000a0000000, 0x00000000af180000, 0x00000000e0000000)
  object space 247296K, 59% used [0x00000000a0000000,0x00000000a8f9d608,0x00000000af180000)
 Metaspace       used 83604K, capacity 86772K, committed 86912K, reserved 1124352K
  class space    used 10652K, capacity 11347K, committed 11392K, reserved 1048576K
}
Event: 18.001 GC heap before
{Heap before GC invocations=20 (full 3):
 PSYoungGen      total 449536K, used 411279K [0x00000000e0000000, 0x00000000ff780000, 0x0000000100000000)
  eden space 386560K, 99% used [0x00000000e0000000,0x00000000f7893508,0x00000000f7980000)
  from space 62976K, 40% used [0x00000000fba00000,0x00000000fd310828,0x00000000ff780000)
  to   space 64512K, 0% used [0x00000000f7980000,0x00000000f7980000,0x00000000fb880000)
 ParOldGen       total 247296K, used 147061K [0x00000000a0000000, 0x00000000af180000, 0x00000000e0000000)
  object space 247296K, 59% used [0x00000000a0000000,0x00000000a8f9d608,0x00000000af180000)
 Metaspace       used 83804K, capacity 86984K, committed 87296K, reserved 1124352K
  class space    used 10678K, capacity 11415K, committed 11520K, reserved 1048576K
Event: 18.008 GC heap after
Heap after GC invocations=20 (full 3):
 PSYoungGen      total 451072K, used 7083K [0x00000000e0000000, 0x00000000fff80000, 0x0000000100000000)
  eden space 386560K, 0% used [0x00000000e0000000,0x00000000e0000000,0x00000000f7980000)
  from space 64512K, 10% used [0x00000000f7980000,0x00000000f806adc0,0x00000000fb880000)
  to   space 63488K, 0% used [0x00000000fc180000,0x00000000fc180000,0x00000000fff80000)
 ParOldGen       total 247296K, used 147069K [0x00000000a0000000, 0x00000000af180000, 0x00000000e0000000)
  object space 247296K, 59% used [0x00000000a0000000,0x00000000a8f9f608,0x00000000af180000)
 Metaspace       used 83804K, capacity 86984K, committed 87296K, reserved 1124352K
  class space    used 10678K, capacity 11415K, committed 11520K, reserved 1048576K
}
Event: 18.060 GC heap before
{Heap before GC invocations=21 (full 3):
 PSYoungGen      total 451072K, used 392940K [0x00000000e0000000, 0x00000000fff80000, 0x0000000100000000)
  eden space 386560K, 99% used [0x00000000e0000000,0x00000000f78d0410,0x00000000f7980000)
  from space 64512K, 10% used [0x00000000f7980000,0x00000000f806adc0,0x00000000fb880000)
  to   space 63488K, 0% used [0x00000000fc180000,0x00000000fc180000,0x00000000fff80000)
 ParOldGen       total 247296K, used 147069K [0x00000000a0000000, 0x00000000af180000, 0x00000000e0000000)
  object space 247296K, 59% used [0x00000000a0000000,0x00000000a8f9f608,0x00000000af180000)
 Metaspace       used 83804K, capacity 86984K, committed 87296K, reserved 1124352K
  class space    used 10678K, capacity 11415K, committed 11520K, reserved 1048576K
Event: 18.066 GC heap after
Heap after GC invocations=21 (full 3):
 PSYoungGen      total 457216K, used 6004K [0x00000000e0000000, 0x00000000ffd00000, 0x0000000100000000)
  eden space 396288K, 0% used [0x00000000e0000000,0x00000000e0000000,0x00000000f8300000)
  from space 60928K, 9% used [0x00000000fc180000,0x00000000fc75d098,0x00000000ffd00000)
  to   space 62464K, 0% used [0x00000000f8300000,0x00000000f8300000,0x00000000fc000000)
 ParOldGen       total 247296K, used 147077K [0x00000000a0000000, 0x00000000af180000, 0x00000000e0000000)
  object space 247296K, 59% used [0x00000000a0000000,0x00000000a8fa1608,0x00000000af180000)
 Metaspace       used 83804K, capacity 86984K, committed 87296K, reserved 1124352K
  class space    used 10678K, capacity 11415K, committed 11520K, reserved 1048576K
}

