# JRE version: OpenJDK Runtime Environment (8.0_152-b01) (build 1.8.0_152-release-1248-b01)
# Java VM: OpenJDK 64-Bit Server VM (25.152-b01 mixed mode windows-amd64 compressed oops)
Heap:
 PSYoungGen      total 253440K, used 89961K [0x00000000e0000000, 0x00000000f6400000, 0x0000000100000000)
  eden space 230912K, 38% used [0x00000000e0000000,0x00000000e57da618,0x00000000ee180000)
  from space 22528K, 0% used [0x00000000ee180000,0x00000000ee180000,0x00000000ef780000)
  to   space 23552K, 0% used [0x00000000f4d00000,0x00000000f4d00000,0x00000000f6400000)
 ParOldGen       total 205824K, used 31661K [0x00000000a0000000, 0x00000000ac900000, 0x00000000e0000000)
  object space 205824K, 15% used [0x00000000a0000000,0x00000000a1eeb578,0x00000000ac900000)
 Metaspace       used 59733K, capacity 61646K, committed 61872K, reserved 1101824K
  class space    used 8060K, capacity 8584K, committed 8624K, reserved 1048576K
GC Heap History (10 events):
Event: 3.918 GC heap before
{Heap before GC invocations=8 (full 2):
 PSYoungGen      total 161792K, used 8292K [0x00000000e0000000, 0x00000000eee00000, 0x0000000100000000)
  eden space 147456K, 0% used [0x00000000e0000000,0x00000000e0000000,0x00000000e9000000)
  from space 14336K, 57% used [0x00000000e9d80000,0x00000000ea599070,0x00000000eab80000)
  to   space 13824K, 0% used [0x00000000e9000000,0x00000000e9000000,0x00000000e9d80000)
 ParOldGen       total 106496K, used 11943K [0x00000000a0000000, 0x00000000a6800000, 0x00000000e0000000)
  object space 106496K, 11% used [0x00000000a0000000,0x00000000a0ba9c90,0x00000000a6800000)
 Metaspace       used 34728K, capacity 35352K, committed 35496K, reserved 1079296K
  class space    used 4842K, capacity 5094K, committed 5168K, reserved 1048576K
Event: 3.952 GC heap after
Heap after GC invocations=8 (full 2):
 PSYoungGen      total 161792K, used 0K [0x00000000e0000000, 0x00000000eee00000, 0x0000000100000000)
  eden space 147456K, 0% used [0x00000000e0000000,0x00000000e0000000,0x00000000e9000000)
  from space 14336K, 0% used [0x00000000e9d80000,0x00000000e9d80000,0x00000000eab80000)
  to   space 13824K, 0% used [0x00000000e9000000,0x00000000e9000000,0x00000000e9d80000)
 ParOldGen       total 147456K, used 15176K [0x00000000a0000000, 0x00000000a9000000, 0x00000000e0000000)
  object space 147456K, 10% used [0x00000000a0000000,0x00000000a0ed21c8,0x00000000a9000000)
 Metaspace       used 34728K, capacity 35352K, committed 35496K, reserved 1079296K
  class space    used 4842K, capacity 5094K, committed 5168K, reserved 1048576K
}
Event: 5.311 GC heap before
{Heap before GC invocations=9 (full 2):
 PSYoungGen      total 161792K, used 147456K [0x00000000e0000000, 0x00000000eee00000, 0x0000000100000000)
  eden space 147456K, 100% used [0x00000000e0000000,0x00000000e9000000,0x00000000e9000000)
  from space 14336K, 0% used [0x00000000e9d80000,0x00000000e9d80000,0x00000000eab80000)
  to   space 13824K, 0% used [0x00000000e9000000,0x00000000e9000000,0x00000000e9d80000)
 ParOldGen       total 147456K, used 15176K [0x00000000a0000000, 0x00000000a9000000, 0x00000000e0000000)
  object space 147456K, 10% used [0x00000000a0000000,0x00000000a0ed21c8,0x00000000a9000000)
 Metaspace       used 47939K, capacity 48790K, committed 49072K, reserved 1091584K
  class space    used 6469K, capacity 6784K, committed 6832K, reserved 1048576K
Event: 5.322 GC heap after
Heap after GC invocations=9 (full 2):
 PSYoungGen      total 161280K, used 13799K [0x00000000e0000000, 0x00000000f0980000, 0x0000000100000000)
  eden space 147456K, 0% used [0x00000000e0000000,0x00000000e0000000,0x00000000e9000000)
  from space 13824K, 99% used [0x00000000e9000000,0x00000000e9d79fb8,0x00000000e9d80000)
  to   space 17920K, 0% used [0x00000000ef800000,0x00000000ef800000,0x00000000f0980000)
 ParOldGen       total 147456K, used 19817K [0x00000000a0000000, 0x00000000a9000000, 0x00000000e0000000)
  object space 147456K, 13% used [0x00000000a0000000,0x00000000a135a5b0,0x00000000a9000000)
 Metaspace       used 47939K, capacity 48790K, committed 49072K, reserved 1091584K
  class space    used 6469K, capacity 6784K, committed 6832K, reserved 1048576K
}
Event: 6.739 GC heap before
{Heap before GC invocations=10 (full 2):
 PSYoungGen      total 161280K, used 161255K [0x00000000e0000000, 0x00000000f0980000, 0x0000000100000000)
  eden space 147456K, 100% used [0x00000000e0000000,0x00000000e9000000,0x00000000e9000000)
  from space 13824K, 99% used [0x00000000e9000000,0x00000000e9d79fb8,0x00000000e9d80000)
  to   space 17920K, 0% used [0x00000000ef800000,0x00000000ef800000,0x00000000f0980000)
 ParOldGen       total 147456K, used 19817K [0x00000000a0000000, 0x00000000a9000000, 0x00000000e0000000)
  object space 147456K, 13% used [0x00000000a0000000,0x00000000a135a5b0,0x00000000a9000000)
 Metaspace       used 56230K, capacity 57896K, committed 58032K, reserved 1099776K
  class space    used 7598K, capacity 8075K, committed 8112K, reserved 1048576K
Event: 6.756 GC heap after
Heap after GC invocations=10 (full 2):
 PSYoungGen      total 248832K, used 17892K [0x00000000e0000000, 0x00000000f0d80000, 0x0000000100000000)
  eden space 230912K, 0% used [0x00000000e0000000,0x00000000e0000000,0x00000000ee180000)
  from space 17920K, 99% used [0x00000000ef800000,0x00000000f0979040,0x00000000f0980000)
  to   space 22528K, 0% used [0x00000000ee180000,0x00000000ee180000,0x00000000ef780000)
 ParOldGen       total 147456K, used 25582K [0x00000000a0000000, 0x00000000a9000000, 0x00000000e0000000)
  object space 147456K, 17% used [0x00000000a0000000,0x00000000a18fbba0,0x00000000a9000000)
 Metaspace       used 56230K, capacity 57896K, committed 58032K, reserved 1099776K
  class space    used 7598K, capacity 8075K, committed 8112K, reserved 1048576K
}
Event: 6.947 GC heap before
{Heap before GC invocations=11 (full 2):
 PSYoungGen      total 248832K, used 38596K [0x00000000e0000000, 0x00000000f0d80000, 0x0000000100000000)
  eden space 230912K, 8% used [0x00000000e0000000,0x00000000e14382f8,0x00000000ee180000)
  from space 17920K, 99% used [0x00000000ef800000,0x00000000f0979040,0x00000000f0980000)
  to   space 22528K, 0% used [0x00000000ee180000,0x00000000ee180000,0x00000000ef780000)
 ParOldGen       total 147456K, used 25582K [0x00000000a0000000, 0x00000000a9000000, 0x00000000e0000000)
  object space 147456K, 17% used [0x00000000a0000000,0x00000000a18fbba0,0x00000000a9000000)
 Metaspace       used 57302K, capacity 59064K, committed 59160K, reserved 1099776K
  class space    used 7762K, capacity 8275K, committed 8368K, reserved 1048576K
Event: 6.956 GC heap after
Heap after GC invocations=11 (full 2):
 PSYoungGen      total 253440K, used 17632K [0x00000000e0000000, 0x00000000f6400000, 0x0000000100000000)
  eden space 230912K, 0% used [0x00000000e0000000,0x00000000e0000000,0x00000000ee180000)
  from space 22528K, 78% used [0x00000000ee180000,0x00000000ef2b8088,0x00000000ef780000)
  to   space 23552K, 0% used [0x00000000f4d00000,0x00000000f4d00000,0x00000000f6400000)
 ParOldGen       total 147456K, used 25590K [0x00000000a0000000, 0x00000000a9000000, 0x00000000e0000000)
  object space 147456K, 17% used [0x00000000a0000000,0x00000000a18fdba0,0x00000000a9000000)
 Metaspace       used 57302K, capacity 59064K, committed 59160K, reserved 1099776K
  class space    used 7762K, capacity 8275K, committed 8368K, reserved 1048576K
}
Event: 6.957 GC heap before
{Heap before GC invocations=12 (full 3):
 PSYoungGen      total 253440K, used 17632K [0x00000000e0000000, 0x00000000f6400000, 0x0000000100000000)
  eden space 230912K, 0% used [0x00000000e0000000,0x00000000e0000000,0x00000000ee180000)
  from space 22528K, 78% used [0x00000000ee180000,0x00000000ef2b8088,0x00000000ef780000)
  to   space 23552K, 0% used [0x00000000f4d00000,0x00000000f4d00000,0x00000000f6400000)
 ParOldGen       total 147456K, used 25590K [0x00000000a0000000, 0x00000000a9000000, 0x00000000e0000000)
  object space 147456K, 17% used [0x00000000a0000000,0x00000000a18fdba0,0x00000000a9000000)
 Metaspace       used 57302K, capacity 59064K, committed 59160K, reserved 1099776K
  class space    used 7762K, capacity 8275K, committed 8368K, reserved 1048576K
Event: 7.104 GC heap after
Heap after GC invocations=12 (full 3):
 PSYoungGen      total 253440K, used 0K [0x00000000e0000000, 0x00000000f6400000, 0x0000000100000000)
  eden space 230912K, 0% used [0x00000000e0000000,0x00000000e0000000,0x00000000ee180000)
  from space 22528K, 0% used [0x00000000ee180000,0x00000000ee180000,0x00000000ef780000)
  to   space 23552K, 0% used [0x00000000f4d00000,0x00000000f4d00000,0x00000000f6400000)
 ParOldGen       total 205824K, used 31661K [0x00000000a0000000, 0x00000000ac900000, 0x00000000e0000000)
  object space 205824K, 15% used [0x00000000a0000000,0x00000000a1eeb578,0x00000000ac900000)
 Metaspace       used 57302K, capacity 59064K, committed 59160K, reserved 1099776K
  class space    used 7762K, capacity 8275K, committed 8368K, reserved 1048576K
}

