# JRE version: OpenJDK Runtime Environment (8.0_152-b01) (build 1.8.0_152-release-1248-b01)
# Java VM: OpenJDK 64-Bit Server VM (25.152-b01 mixed mode windows-amd64 compressed oops)
Heap:
 PSYoungGen      total 455680K, used 359385K [0x00000000e0000000, 0x0000000100000000, 0x0000000100000000)
  eden space 420864K, 82% used [0x00000000e0000000,0x00000000f55125a0,0x00000000f9b00000)
  from space 34816K, 29% used [0x00000000fde00000,0x00000000fe7e41b8,0x0000000100000000)
  to   space 51712K, 0% used [0x00000000f9b00000,0x00000000f9b00000,0x00000000fcd80000)
 ParOldGen       total 180224K, used 134214K [0x00000000a0000000, 0x00000000ab000000, 0x00000000e0000000)
  object space 180224K, 74% used [0x00000000a0000000,0x00000000a8311868,0x00000000ab000000)
 Metaspace       used 83779K, capacity 86806K, committed 87040K, reserved 1124352K
  class space    used 10668K, capacity 11441K, committed 11520K, reserved 1048576K
GC Heap History (10 events):
Event: 35.592 GC heap before
{Heap before GC invocations=13 (full 3):
 PSYoungGen      total 262656K, used 240128K [0x00000000e0000000, 0x00000000f9700000, 0x0000000100000000)
  eden space 240128K, 100% used [0x00000000e0000000,0x00000000eea80000,0x00000000eea80000)
  from space 22528K, 0% used [0x00000000eea80000,0x00000000eea80000,0x00000000f0080000)
  to   space 22016K, 0% used [0x00000000f8180000,0x00000000f8180000,0x00000000f9700000)
 ParOldGen       total 180224K, used 28806K [0x00000000a0000000, 0x00000000ab000000, 0x00000000e0000000)
  object space 180224K, 15% used [0x00000000a0000000,0x00000000a1c21858,0x00000000ab000000)
 Metaspace       used 68382K, capacity 71038K, committed 71168K, reserved 1110016K
  class space    used 8972K, capacity 9675K, committed 9728K, reserved 1048576K
Event: 35.613 GC heap after
Heap after GC invocations=13 (full 3):
 PSYoungGen      total 360960K, used 18885K [0x00000000e0000000, 0x00000000f9400000, 0x0000000100000000)
  eden space 342016K, 0% used [0x00000000e0000000,0x00000000e0000000,0x00000000f4e00000)
  from space 18944K, 99% used [0x00000000f8180000,0x00000000f93f1638,0x00000000f9400000)
  to   space 23552K, 0% used [0x00000000f6600000,0x00000000f6600000,0x00000000f7d00000)
 ParOldGen       total 180224K, used 28806K [0x00000000a0000000, 0x00000000ab000000, 0x00000000e0000000)
  object space 180224K, 15% used [0x00000000a0000000,0x00000000a1c21858,0x00000000ab000000)
 Metaspace       used 68382K, capacity 71038K, committed 71168K, reserved 1110016K
  class space    used 8972K, capacity 9675K, committed 9728K, reserved 1048576K
}
Event: 106.802 GC heap before
{Heap before GC invocations=14 (full 3):
 PSYoungGen      total 360960K, used 360901K [0x00000000e0000000, 0x00000000f9400000, 0x0000000100000000)
  eden space 342016K, 100% used [0x00000000e0000000,0x00000000f4e00000,0x00000000f4e00000)
  from space 18944K, 99% used [0x00000000f8180000,0x00000000f93f1638,0x00000000f9400000)
  to   space 23552K, 0% used [0x00000000f6600000,0x00000000f6600000,0x00000000f7d00000)
 ParOldGen       total 180224K, used 28806K [0x00000000a0000000, 0x00000000ab000000, 0x00000000e0000000)
  object space 180224K, 15% used [0x00000000a0000000,0x00000000a1c21858,0x00000000ab000000)
 Metaspace       used 72003K, capacity 74790K, committed 74880K, reserved 1114112K
  class space    used 9368K, capacity 10093K, committed 10112K, reserved 1048576K
Event: 106.834 GC heap after
Heap after GC invocations=14 (full 3):
 PSYoungGen      total 390144K, used 23520K [0x00000000e0000000, 0x0000000100000000, 0x0000000100000000)
  eden space 366592K, 0% used [0x00000000e0000000,0x00000000e0000000,0x00000000f6600000)
  from space 23552K, 99% used [0x00000000f6600000,0x00000000f7cf8070,0x00000000f7d00000)
  to   space 34816K, 0% used [0x00000000fde00000,0x00000000fde00000,0x0000000100000000)
 ParOldGen       total 180224K, used 51941K [0x00000000a0000000, 0x00000000ab000000, 0x00000000e0000000)
  object space 180224K, 28% used [0x00000000a0000000,0x00000000a32b96b8,0x00000000ab000000)
 Metaspace       used 72003K, capacity 74790K, committed 74880K, reserved 1114112K
  class space    used 9368K, capacity 10093K, committed 10112K, reserved 1048576K
}
Event: 112.934 GC heap before
{Heap before GC invocations=15 (full 3):
 PSYoungGen      total 390144K, used 390112K [0x00000000e0000000, 0x0000000100000000, 0x0000000100000000)
  eden space 366592K, 100% used [0x00000000e0000000,0x00000000f6600000,0x00000000f6600000)
  from space 23552K, 99% used [0x00000000f6600000,0x00000000f7cf8070,0x00000000f7d00000)
  to   space 34816K, 0% used [0x00000000fde00000,0x00000000fde00000,0x0000000100000000)
 ParOldGen       total 180224K, used 51941K [0x00000000a0000000, 0x00000000ab000000, 0x00000000e0000000)
  object space 180224K, 28% used [0x00000000a0000000,0x00000000a32b96b8,0x00000000ab000000)
 Metaspace       used 80201K, capacity 83244K, committed 83456K, reserved 1122304K
  class space    used 10198K, capacity 10982K, committed 11008K, reserved 1048576K
Event: 112.960 GC heap after
Heap after GC invocations=15 (full 3):
 PSYoungGen      total 491008K, used 14864K [0x00000000e0000000, 0x0000000100000000, 0x0000000100000000)
  eden space 456192K, 0% used [0x00000000e0000000,0x00000000e0000000,0x00000000fbd80000)
  from space 34816K, 42% used [0x00000000fde00000,0x00000000fec84178,0x0000000100000000)
  to   space 33280K, 0% used [0x00000000fbd80000,0x00000000fbd80000,0x00000000fde00000)
 ParOldGen       total 180224K, used 72234K [0x00000000a0000000, 0x00000000ab000000, 0x00000000e0000000)
  object space 180224K, 40% used [0x00000000a0000000,0x00000000a468aa58,0x00000000ab000000)
 Metaspace       used 80201K, capacity 83244K, committed 83456K, reserved 1122304K
  class space    used 10198K, capacity 10982K, committed 11008K, reserved 1048576K
}
Event: 114.977 GC heap before
{Heap before GC invocations=16 (full 3):
 PSYoungGen      total 491008K, used 471056K [0x00000000e0000000, 0x0000000100000000, 0x0000000100000000)
  eden space 456192K, 100% used [0x00000000e0000000,0x00000000fbd80000,0x00000000fbd80000)
  from space 34816K, 42% used [0x00000000fde00000,0x00000000fec84178,0x0000000100000000)
  to   space 33280K, 0% used [0x00000000fbd80000,0x00000000fbd80000,0x00000000fde00000)
 ParOldGen       total 180224K, used 72234K [0x00000000a0000000, 0x00000000ab000000, 0x00000000e0000000)
  object space 180224K, 40% used [0x00000000a0000000,0x00000000a468aa58,0x00000000ab000000)
 Metaspace       used 82751K, capacity 85718K, committed 85888K, reserved 1124352K
  class space    used 10537K, capacity 11313K, committed 11392K, reserved 1048576K
Event: 115.025 GC heap after
Heap after GC invocations=16 (full 3):
 PSYoungGen      total 489472K, used 33276K [0x00000000e0000000, 0x0000000100000000, 0x0000000100000000)
  eden space 456192K, 0% used [0x00000000e0000000,0x00000000e0000000,0x00000000fbd80000)
  from space 33280K, 99% used [0x00000000fbd80000,0x00000000fddff310,0x00000000fde00000)
  to   space 34816K, 0% used [0x00000000fde00000,0x00000000fde00000,0x0000000100000000)
 ParOldGen       total 180224K, used 112519K [0x00000000a0000000, 0x00000000ab000000, 0x00000000e0000000)
  object space 180224K, 62% used [0x00000000a0000000,0x00000000a6de1ce0,0x00000000ab000000)
 Metaspace       used 82751K, capacity 85718K, committed 85888K, reserved 1124352K
  class space    used 10537K, capacity 11313K, committed 11392K, reserved 1048576K
}
Event: 117.087 GC heap before
{Heap before GC invocations=17 (full 3):
 PSYoungGen      total 489472K, used 489468K [0x00000000e0000000, 0x0000000100000000, 0x0000000100000000)
  eden space 456192K, 100% used [0x00000000e0000000,0x00000000fbd80000,0x00000000fbd80000)
  from space 33280K, 99% used [0x00000000fbd80000,0x00000000fddff310,0x00000000fde00000)
  to   space 34816K, 0% used [0x00000000fde00000,0x00000000fde00000,0x0000000100000000)
 ParOldGen       total 180224K, used 112519K [0x00000000a0000000, 0x00000000ab000000, 0x00000000e0000000)
  object space 180224K, 62% used [0x00000000a0000000,0x00000000a6de1ce0,0x00000000ab000000)
 Metaspace       used 83526K, capacity 86518K, committed 86784K, reserved 1124352K
  class space    used 10641K, capacity 11409K, committed 11520K, reserved 1048576K
Event: 117.108 GC heap after
Heap after GC invocations=17 (full 3):
 PSYoungGen      total 455680K, used 10128K [0x00000000e0000000, 0x0000000100000000, 0x0000000100000000)
  eden space 420864K, 0% used [0x00000000e0000000,0x00000000e0000000,0x00000000f9b00000)
  from space 34816K, 29% used [0x00000000fde00000,0x00000000fe7e41b8,0x0000000100000000)
  to   space 51712K, 0% used [0x00000000f9b00000,0x00000000f9b00000,0x00000000fcd80000)
 ParOldGen       total 180224K, used 134214K [0x00000000a0000000, 0x00000000ab000000, 0x00000000e0000000)
  object space 180224K, 74% used [0x00000000a0000000,0x00000000a8311868,0x00000000ab000000)
 Metaspace       used 83526K, capacity 86518K, committed 86784K, reserved 1124352K
  class space    used 10641K, capacity 11409K, committed 11520K, reserved 1048576K
}

