# JRE version: OpenJDK Runtime Environment (8.0_152-b01) (build 1.8.0_152-release-1248-b01)
# Java VM: OpenJDK 64-Bit Server VM (25.152-b01 mixed mode windows-amd64 compressed oops)
Heap:
 PSYoungGen      total 362496K, used 76565K [0x00000000e0000000, 0x00000000f9a00000, 0x0000000100000000)
  eden space 339968K, 15% used [0x00000000e0000000,0x00000000e34c6e40,0x00000000f4c00000)
  from space 22528K, 99% used [0x00000000f6980000,0x00000000f7f7e8c8,0x00000000f7f80000)
  to   space 30208K, 0% used [0x00000000f4c00000,0x00000000f4c00000,0x00000000f6980000)
 ParOldGen       total 218112K, used 44889K [0x00000000a0000000, 0x00000000ad500000, 0x00000000e0000000)
  object space 218112K, 20% used [0x00000000a0000000,0x00000000a2bd6690,0x00000000ad500000)
 Metaspace       used 74422K, capacity 76520K, committed 76800K, reserved 1116160K
  class space    used 9666K, capacity 10213K, committed 10240K, reserved 1048576K
GC Heap History (10 events):
Event: 5.829 GC heap before
{Heap before GC invocations=11 (full 2):
 PSYoungGen      total 239616K, used 29247K [0x00000000e0000000, 0x00000000f0680000, 0x0000000100000000)
  eden space 222720K, 5% used [0x00000000e0000000,0x00000000e0c0ff08,0x00000000ed980000)
  from space 16896K, 99% used [0x00000000eef80000,0x00000000efffffb0,0x00000000f0000000)
  to   space 22528K, 0% used [0x00000000ed980000,0x00000000ed980000,0x00000000eef80000)
 ParOldGen       total 155648K, used 28789K [0x00000000a0000000, 0x00000000a9800000, 0x00000000e0000000)
  object space 155648K, 18% used [0x00000000a0000000,0x00000000a1c1d428,0x00000000a9800000)
 Metaspace       used 57197K, capacity 58884K, committed 59008K, reserved 1099776K
  class space    used 7754K, capacity 8227K, committed 8320K, reserved 1048576K
Event: 5.839 GC heap after
Heap after GC invocations=11 (full 2):
 PSYoungGen      total 245248K, used 17540K [0x00000000e0000000, 0x00000000f5600000, 0x0000000100000000)
  eden space 222720K, 0% used [0x00000000e0000000,0x00000000e0000000,0x00000000ed980000)
  from space 22528K, 77% used [0x00000000ed980000,0x00000000eeaa1268,0x00000000eef80000)
  to   space 23552K, 0% used [0x00000000f3f00000,0x00000000f3f00000,0x00000000f5600000)
 ParOldGen       total 155648K, used 28797K [0x00000000a0000000, 0x00000000a9800000, 0x00000000e0000000)
  object space 155648K, 18% used [0x00000000a0000000,0x00000000a1c1f428,0x00000000a9800000)
 Metaspace       used 57197K, capacity 58884K, committed 59008K, reserved 1099776K
  class space    used 7754K, capacity 8227K, committed 8320K, reserved 1048576K
}
Event: 5.839 GC heap before
{Heap before GC invocations=12 (full 3):
 PSYoungGen      total 245248K, used 17540K [0x00000000e0000000, 0x00000000f5600000, 0x0000000100000000)
  eden space 222720K, 0% used [0x00000000e0000000,0x00000000e0000000,0x00000000ed980000)
  from space 22528K, 77% used [0x00000000ed980000,0x00000000eeaa1268,0x00000000eef80000)
  to   space 23552K, 0% used [0x00000000f3f00000,0x00000000f3f00000,0x00000000f5600000)
 ParOldGen       total 155648K, used 28797K [0x00000000a0000000, 0x00000000a9800000, 0x00000000e0000000)
  object space 155648K, 18% used [0x00000000a0000000,0x00000000a1c1f428,0x00000000a9800000)
 Metaspace       used 57197K, capacity 58884K, committed 59008K, reserved 1099776K
  class space    used 7754K, capacity 8227K, committed 8320K, reserved 1048576K
Event: 5.973 GC heap after
Heap after GC invocations=12 (full 3):
 PSYoungGen      total 245248K, used 0K [0x00000000e0000000, 0x00000000f5600000, 0x0000000100000000)
  eden space 222720K, 0% used [0x00000000e0000000,0x00000000e0000000,0x00000000ed980000)
  from space 22528K, 0% used [0x00000000ed980000,0x00000000ed980000,0x00000000eef80000)
  to   space 23552K, 0% used [0x00000000f3f00000,0x00000000f3f00000,0x00000000f5600000)
 ParOldGen       total 218112K, used 31472K [0x00000000a0000000, 0x00000000ad500000, 0x00000000e0000000)
  object space 218112K, 14% used [0x00000000a0000000,0x00000000a1ebc100,0x00000000ad500000)
 Metaspace       used 57197K, capacity 58884K, committed 59008K, reserved 1099776K
  class space    used 7754K, capacity 8227K, committed 8320K, reserved 1048576K
}
Event: 13.620 GC heap before
{Heap before GC invocations=13 (full 3):
 PSYoungGen      total 245248K, used 222720K [0x00000000e0000000, 0x00000000f5600000, 0x0000000100000000)
  eden space 222720K, 100% used [0x00000000e0000000,0x00000000ed980000,0x00000000ed980000)
  from space 22528K, 0% used [0x00000000ed980000,0x00000000ed980000,0x00000000eef80000)
  to   space 23552K, 0% used [0x00000000f3f00000,0x00000000f3f00000,0x00000000f5600000)
 ParOldGen       total 218112K, used 31472K [0x00000000a0000000, 0x00000000ad500000, 0x00000000e0000000)
  object space 218112K, 14% used [0x00000000a0000000,0x00000000a1ebc100,0x00000000ad500000)
 Metaspace       used 68511K, capacity 70490K, committed 70656K, reserved 1110016K
  class space    used 9027K, capacity 9606K, committed 9728K, reserved 1048576K
Event: 13.641 GC heap after
Heap after GC invocations=13 (full 3):
 PSYoungGen      total 297472K, used 14999K [0x00000000e0000000, 0x00000000f4e00000, 0x0000000100000000)
  eden space 282112K, 0% used [0x00000000e0000000,0x00000000e0000000,0x00000000f1380000)
  from space 15360K, 97% used [0x00000000f3f00000,0x00000000f4da5c08,0x00000000f4e00000)
  to   space 23040K, 0% used [0x00000000f2100000,0x00000000f2100000,0x00000000f3780000)
 ParOldGen       total 218112K, used 31488K [0x00000000a0000000, 0x00000000ad500000, 0x00000000e0000000)
  object space 218112K, 14% used [0x00000000a0000000,0x00000000a1ec0100,0x00000000ad500000)
 Metaspace       used 68511K, capacity 70490K, committed 70656K, reserved 1110016K
  class space    used 9027K, capacity 9606K, committed 9728K, reserved 1048576K
}
Event: 16.117 GC heap before
{Heap before GC invocations=14 (full 3):
 PSYoungGen      total 297472K, used 297111K [0x00000000e0000000, 0x00000000f4e00000, 0x0000000100000000)
  eden space 282112K, 100% used [0x00000000e0000000,0x00000000f1380000,0x00000000f1380000)
  from space 15360K, 97% used [0x00000000f3f00000,0x00000000f4da5c08,0x00000000f4e00000)
  to   space 23040K, 0% used [0x00000000f2100000,0x00000000f2100000,0x00000000f3780000)
 ParOldGen       total 218112K, used 31488K [0x00000000a0000000, 0x00000000ad500000, 0x00000000e0000000)
  object space 218112K, 14% used [0x00000000a0000000,0x00000000a1ec0100,0x00000000ad500000)
 Metaspace       used 69552K, capacity 71578K, committed 71680K, reserved 1112064K
  class space    used 9090K, capacity 9682K, committed 9728K, reserved 1048576K
Event: 16.126 GC heap after
Heap after GC invocations=14 (full 3):
 PSYoungGen      total 318976K, used 11068K [0x00000000e0000000, 0x00000000f7f80000, 0x0000000100000000)
  eden space 295936K, 0% used [0x00000000e0000000,0x00000000e0000000,0x00000000f2100000)
  from space 23040K, 48% used [0x00000000f2100000,0x00000000f2bcf110,0x00000000f3780000)
  to   space 22528K, 0% used [0x00000000f6980000,0x00000000f6980000,0x00000000f7f80000)
 ParOldGen       total 218112K, used 31496K [0x00000000a0000000, 0x00000000ad500000, 0x00000000e0000000)
  object space 218112K, 14% used [0x00000000a0000000,0x00000000a1ec2100,0x00000000ad500000)
 Metaspace       used 69552K, capacity 71578K, committed 71680K, reserved 1112064K
  class space    used 9090K, capacity 9682K, committed 9728K, reserved 1048576K
}
Event: 19.743 GC heap before
{Heap before GC invocations=15 (full 3):
 PSYoungGen      total 318976K, used 307004K [0x00000000e0000000, 0x00000000f7f80000, 0x0000000100000000)
  eden space 295936K, 100% used [0x00000000e0000000,0x00000000f2100000,0x00000000f2100000)
  from space 23040K, 48% used [0x00000000f2100000,0x00000000f2bcf110,0x00000000f3780000)
  to   space 22528K, 0% used [0x00000000f6980000,0x00000000f6980000,0x00000000f7f80000)
 ParOldGen       total 218112K, used 31496K [0x00000000a0000000, 0x00000000ad500000, 0x00000000e0000000)
  object space 218112K, 14% used [0x00000000a0000000,0x00000000a1ec2100,0x00000000ad500000)
 Metaspace       used 72684K, capacity 74746K, committed 75008K, reserved 1114112K
  class space    used 9391K, capacity 9936K, committed 9984K, reserved 1048576K
Event: 19.781 GC heap after
Heap after GC invocations=15 (full 3):
 PSYoungGen      total 362496K, used 22522K [0x00000000e0000000, 0x00000000f9a00000, 0x0000000100000000)
  eden space 339968K, 0% used [0x00000000e0000000,0x00000000e0000000,0x00000000f4c00000)
  from space 22528K, 99% used [0x00000000f6980000,0x00000000f7f7e8c8,0x00000000f7f80000)
  to   space 30208K, 0% used [0x00000000f4c00000,0x00000000f4c00000,0x00000000f6980000)
 ParOldGen       total 218112K, used 44889K [0x00000000a0000000, 0x00000000ad500000, 0x00000000e0000000)
  object space 218112K, 20% used [0x00000000a0000000,0x00000000a2bd6690,0x00000000ad500000)
 Metaspace       used 72684K, capacity 74746K, committed 75008K, reserved 1114112K
  class space    used 9391K, capacity 9936K, committed 9984K, reserved 1048576K
}

