# JRE version: OpenJDK Runtime Environment (8.0_152-b01) (build 1.8.0_152-release-1248-b01)
# Java VM: OpenJDK 64-Bit Server VM (25.152-b01 mixed mode windows-amd64 compressed oops)
Heap:
 PSYoungGen      total 428032K, used 234298K [0x00000000e0000000, 0x00000000fff00000, 0x0000000100000000)
  eden space 336896K, 55% used [0x00000000e0000000,0x00000000eb711d30,0x00000000f4900000)
  from space 91136K, 51% used [0x00000000fa280000,0x00000000fd03ce98,0x00000000ffb80000)
  to   space 91648K, 0% used [0x00000000f4900000,0x00000000f4900000,0x00000000fa280000)
 ParOldGen       total 331264K, used 258125K [0x00000000a0000000, 0x00000000b4380000, 0x00000000e0000000)
  object space 331264K, 77% used [0x00000000a0000000,0x00000000afc13700,0x00000000b4380000)
 Metaspace       used 108574K, capacity 113006K, committed 113280K, reserved 1148928K
  class space    used 13491K, capacity 14424K, committed 14464K, reserved 1048576K
GC Heap History (10 events):
Event: 93.202 GC heap before
{Heap before GC invocations=40 (full 4):
 PSYoungGen      total 415232K, used 345782K [0x00000000e0000000, 0x00000000ff600000, 0x0000000100000000)
  eden space 315904K, 100% used [0x00000000e0000000,0x00000000f3480000,0x00000000f3480000)
  from space 99328K, 30% used [0x00000000f3480000,0x00000000f51ad850,0x00000000f9580000)
  to   space 95232K, 0% used [0x00000000f9900000,0x00000000f9900000,0x00000000ff600000)
 ParOldGen       total 331264K, used 172561K [0x00000000a0000000, 0x00000000b4380000, 0x00000000e0000000)
  object space 331264K, 52% used [0x00000000a0000000,0x00000000aa8845a8,0x00000000b4380000)
 Metaspace       used 96838K, capacity 100954K, committed 101248K, reserved 1138688K
  class space    used 12047K, capacity 12864K, committed 12928K, reserved 1048576K
Event: 93.215 GC heap after
Heap after GC invocations=40 (full 4):
 PSYoungGen      total 419840K, used 13018K [0x00000000e0000000, 0x00000000ffa00000, 0x0000000100000000)
  eden space 324608K, 0% used [0x00000000e0000000,0x00000000e0000000,0x00000000f3d00000)
  from space 95232K, 13% used [0x00000000f9900000,0x00000000fa5b6a90,0x00000000ff600000)
  to   space 94208K, 0% used [0x00000000f3d00000,0x00000000f3d00000,0x00000000f9900000)
 ParOldGen       total 331264K, used 179377K [0x00000000a0000000, 0x00000000b4380000, 0x00000000e0000000)
  object space 331264K, 54% used [0x00000000a0000000,0x00000000aaf2c5f8,0x00000000b4380000)
 Metaspace       used 96838K, capacity 100954K, committed 101248K, reserved 1138688K
  class space    used 12047K, capacity 12864K, committed 12928K, reserved 1048576K
}
Event: 93.798 GC heap before
{Heap before GC invocations=41 (full 4):
 PSYoungGen      total 419840K, used 337490K [0x00000000e0000000, 0x00000000ffa00000, 0x0000000100000000)
  eden space 324608K, 99% used [0x00000000e0000000,0x00000000f3cdddc0,0x00000000f3d00000)
  from space 95232K, 13% used [0x00000000f9900000,0x00000000fa5b6a90,0x00000000ff600000)
  to   space 94208K, 0% used [0x00000000f3d00000,0x00000000f3d00000,0x00000000f9900000)
 ParOldGen       total 331264K, used 243890K [0x00000000a0000000, 0x00000000b4380000, 0x00000000e0000000)
  object space 331264K, 73% used [0x00000000a0000000,0x00000000aee2c9e8,0x00000000b4380000)
 Metaspace       used 96843K, capacity 100954K, committed 101248K, reserved 1138688K
  class space    used 12047K, capacity 12864K, committed 12928K, reserved 1048576K
Event: 93.804 GC heap after
Heap after GC invocations=41 (full 4):
 PSYoungGen      total 418816K, used 8140K [0x00000000e0000000, 0x00000000ffe00000, 0x0000000100000000)
  eden space 324608K, 0% used [0x00000000e0000000,0x00000000e0000000,0x00000000f3d00000)
  from space 94208K, 8% used [0x00000000f3d00000,0x00000000f44f32f0,0x00000000f9900000)
  to   space 93696K, 0% used [0x00000000fa280000,0x00000000fa280000,0x00000000ffe00000)
 ParOldGen       total 331264K, used 252378K [0x00000000a0000000, 0x00000000b4380000, 0x00000000e0000000)
  object space 331264K, 76% used [0x00000000a0000000,0x00000000af676b48,0x00000000b4380000)
 Metaspace       used 96843K, capacity 100954K, committed 101248K, reserved 1138688K
  class space    used 12047K, capacity 12864K, committed 12928K, reserved 1048576K
}
Event: 93.840 GC heap before
{Heap before GC invocations=42 (full 4):
 PSYoungGen      total 418816K, used 332461K [0x00000000e0000000, 0x00000000ffe00000, 0x0000000100000000)
  eden space 324608K, 99% used [0x00000000e0000000,0x00000000f3cb81e0,0x00000000f3d00000)
  from space 94208K, 8% used [0x00000000f3d00000,0x00000000f44f32f0,0x00000000f9900000)
  to   space 93696K, 0% used [0x00000000fa280000,0x00000000fa280000,0x00000000ffe00000)
 ParOldGen       total 331264K, used 252378K [0x00000000a0000000, 0x00000000b4380000, 0x00000000e0000000)
  object space 331264K, 76% used [0x00000000a0000000,0x00000000af676b48,0x00000000b4380000)
 Metaspace       used 96843K, capacity 100954K, committed 101248K, reserved 1138688K
  class space    used 12047K, capacity 12864K, committed 12928K, reserved 1048576K
Event: 93.843 GC heap after
Heap after GC invocations=42 (full 4):
 PSYoungGen      total 429056K, used 96K [0x00000000e0000000, 0x00000000ffe80000, 0x0000000100000000)
  eden space 335360K, 0% used [0x00000000e0000000,0x00000000e0000000,0x00000000f4780000)
  from space 93696K, 0% used [0x00000000fa280000,0x00000000fa298000,0x00000000ffe00000)
  to   space 93184K, 0% used [0x00000000f4780000,0x00000000f4780000,0x00000000fa280000)
 ParOldGen       total 331264K, used 256977K [0x00000000a0000000, 0x00000000b4380000, 0x00000000e0000000)
  object space 331264K, 77% used [0x00000000a0000000,0x00000000afaf4638,0x00000000b4380000)
 Metaspace       used 96843K, capacity 100954K, committed 101248K, reserved 1138688K
  class space    used 12047K, capacity 12864K, committed 12928K, reserved 1048576K
}
Event: 94.367 GC heap before
{Heap before GC invocations=43 (full 4):
 PSYoungGen      total 429056K, used 335456K [0x00000000e0000000, 0x00000000ffe80000, 0x0000000100000000)
  eden space 335360K, 100% used [0x00000000e0000000,0x00000000f4780000,0x00000000f4780000)
  from space 93696K, 0% used [0x00000000fa280000,0x00000000fa298000,0x00000000ffe00000)
  to   space 93184K, 0% used [0x00000000f4780000,0x00000000f4780000,0x00000000fa280000)
 ParOldGen       total 331264K, used 256977K [0x00000000a0000000, 0x00000000b4380000, 0x00000000e0000000)
  object space 331264K, 77% used [0x00000000a0000000,0x00000000afaf4638,0x00000000b4380000)
 Metaspace       used 96996K, capacity 101116K, committed 101248K, reserved 1138688K
  class space    used 12071K, capacity 12897K, committed 12928K, reserved 1048576K
Event: 94.373 GC heap after
Heap after GC invocations=43 (full 4):
 PSYoungGen      total 428544K, used 8760K [0x00000000e0000000, 0x00000000ffb80000, 0x0000000100000000)
  eden space 335360K, 0% used [0x00000000e0000000,0x00000000e0000000,0x00000000f4780000)
  from space 93184K, 9% used [0x00000000f4780000,0x00000000f500e320,0x00000000fa280000)
  to   space 91136K, 0% used [0x00000000fa280000,0x00000000fa280000,0x00000000ffb80000)
 ParOldGen       total 331264K, used 257009K [0x00000000a0000000, 0x00000000b4380000, 0x00000000e0000000)
  object space 331264K, 77% used [0x00000000a0000000,0x00000000afafc638,0x00000000b4380000)
 Metaspace       used 96996K, capacity 101116K, committed 101248K, reserved 1138688K
  class space    used 12071K, capacity 12897K, committed 12928K, reserved 1048576K
}
Event: 97.406 GC heap before
{Heap before GC invocations=44 (full 4):
 PSYoungGen      total 428544K, used 344120K [0x00000000e0000000, 0x00000000ffb80000, 0x0000000100000000)
  eden space 335360K, 100% used [0x00000000e0000000,0x00000000f4780000,0x00000000f4780000)
  from space 93184K, 9% used [0x00000000f4780000,0x00000000f500e320,0x00000000fa280000)
  to   space 91136K, 0% used [0x00000000fa280000,0x00000000fa280000,0x00000000ffb80000)
 ParOldGen       total 331264K, used 257009K [0x00000000a0000000, 0x00000000b4380000, 0x00000000e0000000)
  object space 331264K, 77% used [0x00000000a0000000,0x00000000afafc638,0x00000000b4380000)
 Metaspace       used 97347K, capacity 101548K, committed 101888K, reserved 1138688K
  class space    used 12094K, capacity 12937K, committed 13056K, reserved 1048576K
Event: 97.434 GC heap after
Heap after GC invocations=44 (full 4):
 PSYoungGen      total 428032K, used 46835K [0x00000000e0000000, 0x00000000fff00000, 0x0000000100000000)
  eden space 336896K, 0% used [0x00000000e0000000,0x00000000e0000000,0x00000000f4900000)
  from space 91136K, 51% used [0x00000000fa280000,0x00000000fd03ce98,0x00000000ffb80000)
  to   space 91648K, 0% used [0x00000000f4900000,0x00000000f4900000,0x00000000fa280000)
 ParOldGen       total 331264K, used 258125K [0x00000000a0000000, 0x00000000b4380000, 0x00000000e0000000)
  object space 331264K, 77% used [0x00000000a0000000,0x00000000afc13700,0x00000000b4380000)
 Metaspace       used 97347K, capacity 101548K, committed 101888K, reserved 1138688K
  class space    used 12094K, capacity 12937K, committed 13056K, reserved 1048576K
}

